<?xml version="1.0" encoding="UTF-8"?>
<!-- Generated by org.testng.reporters.JUnitXMLReporter -->
<testsuite hostname="harshit-Latitude-3470" ignored="0" name="Default test" tests="4" failures="0" timestamp="30 Aug 2017 09:35:51 GMT" time="19.978" errors="0">
  <testcase name="openurl" time="13.343" classname="demo.login"/>
  <testcase name="verifyname" time="1.176" classname="demo.login"/>
  <testcase name="iphone" time="0.687" classname="demo.login"/>
  <testcase name="iphone6" time="4.743" classname="demo.login"/>
</testsuite> <!-- Default test -->
